#
# There is insufficient memory for the Java Runtime Environment to continue.
# Native memory allocation (mmap) failed to map 65536 bytes for Failed to commit metaspace.
# Possible reasons:
#   The system is out of physical RAM or swap space
#   The process is running with CompressedOops enabled, and the Java Heap may be blocking the growth of the native heap
# Possible solutions:
#   Reduce memory load on the system
#   Increase physical memory or swap space
#   Check if swap backing store is full
#   Decrease Java heap size (-Xmx/-Xms)
#   Decrease number of Java threads
#   Decrease Java thread stack sizes (-Xss)
#   Set larger code cache with -XX:ReservedCodeCacheSize=
#   JVM is running with Unscaled Compressed Oops mode in which the Java heap is
#     placed in the first 4GB address space. The Java Heap base address is the
#     maximum limit for the native heap growth. Please use -XX:HeapBaseMinAddress
#     to set the Java Heap base and to place the Java Heap above 4GB virtual address.
# This output file may be truncated or incomplete.
#
#  Out of Memory Error (virtualSpaceNode.cpp:110), pid=3500, tid=14472
#
# JRE version: OpenJDK Runtime Environment Temurin-17+35 (17.0+35) (build 17+35)
# Java VM: OpenJDK 64-Bit Server VM Temurin-17+35 (17+35, mixed mode, tiered, compressed oops, compressed class ptrs, g1 gc, windows-amd64)
# No core dump will be written. Minidumps are not enabled by default on client versions of Windows
#

---------------  S U M M A R Y ------------

Command Line: -Dfile.encoding=UTF-8 -Dstdout.encoding=UTF-8 -Dstderr.encoding=UTF-8 -XX:+ShowCodeDetailsInExceptionMessages practice.scrolling

Host: Intel(R) Core(TM) i5-10300H CPU @ 2.50GHz, 8 cores, 7G,  Windows 10 , 64 bit Build 22621 (10.0.22621.3085)
Time: Sat Feb 24 12:55:24 2024 India Standard Time elapsed time: 0.767733 seconds (0d 0h 0m 0s)

---------------  T H R E A D  ---------------

Current thread (0x0000017b2b3fa6c0):  JavaThread "C1 CompilerThread0" daemon [_thread_in_vm, id=14472, stack(0x0000006a01a00000,0x0000006a01b00000)]


Current CompileTask:
C1:    767 1422       3       java.util.stream.Sink$ChainedReference::cancellationRequested (10 bytes)

Stack: [0x0000006a01a00000,0x0000006a01b00000]
Native frames: (J=compiled Java code, j=interpreted, Vv=VM code, C=native code)
V  [jvm.dll+0x674afa]
V  [jvm.dll+0x82eb44]
V  [jvm.dll+0x8302ee]
V  [jvm.dll+0x830953]
V  [jvm.dll+0x245335]
V  [jvm.dll+0x82aaeb]
V  [jvm.dll+0x619d26]
V  [jvm.dll+0x619d8a]
V  [jvm.dll+0x61c5aa]
V  [jvm.dll+0x61a6c6]
V  [jvm.dll+0x62b73a]
V  [jvm.dll+0x62456a]
V  [jvm.dll+0x1cc490]
V  [jvm.dll+0x1cc67f]
V  [jvm.dll+0x133ace]
V  [jvm.dll+0x133df6]
V  [jvm.dll+0x13328a]
V  [jvm.dll+0x134f51]
V  [jvm.dll+0x226ff8]
V  [jvm.dll+0x22513c]
V  [jvm.dll+0x7e47fb]
V  [jvm.dll+0x7dedba]
V  [jvm.dll+0x673925]
C  [ucrtbase.dll+0x29363]
C  [KERNEL32.DLL+0x1257d]
C  [ntdll.dll+0x5aa58]


---------------  P R O C E S S  ---------------

Threads class SMR info:
_java_thread_list=0x0000017b2d9067d0, length=20, elements={
0x0000017b0f4ad5c0, 0x0000017b2bc12010, 0x0000017b2b3afc70, 0x0000017b2b3c88b0,
0x0000017b2b3c9370, 0x0000017b2b3ecfd0, 0x0000017b2b3ed980, 0x0000017b2b3f1c10,
0x0000017b2b3fa6c0, 0x0000017b2b3fd8a0, 0x0000017b2bd96690, 0x0000017b2bdb2a00,
0x0000017b2c158270, 0x0000017b2c30e6b0, 0x0000017b2c6a2650, 0x0000017b2c6a2ff0,
0x0000017b2d9c34e0, 0x0000017b2d9c39b0, 0x0000017b2d9ac760, 0x0000017b2d9d8710
}

Java Threads: ( => current thread )
  0x0000017b0f4ad5c0 JavaThread "Forwarding newSession on session null to remote" [_thread_in_vm, id=26452, stack(0x0000006a00c00000,0x0000006a00d00000)]
  0x0000017b2bc12010 JavaThread "Reference Handler" daemon [_thread_blocked, id=36260, stack(0x0000006a01300000,0x0000006a01400000)]
  0x0000017b2b3afc70 JavaThread "Finalizer" daemon [_thread_blocked, id=36132, stack(0x0000006a01400000,0x0000006a01500000)]
  0x0000017b2b3c88b0 JavaThread "Signal Dispatcher" daemon [_thread_blocked, id=36056, stack(0x0000006a01500000,0x0000006a01600000)]
  0x0000017b2b3c9370 JavaThread "Attach Listener" daemon [_thread_blocked, id=34264, stack(0x0000006a01600000,0x0000006a01700000)]
  0x0000017b2b3ecfd0 JavaThread "Service Thread" daemon [_thread_blocked, id=34932, stack(0x0000006a01700000,0x0000006a01800000)]
  0x0000017b2b3ed980 JavaThread "Monitor Deflation Thread" daemon [_thread_blocked, id=19808, stack(0x0000006a01800000,0x0000006a01900000)]
  0x0000017b2b3f1c10 JavaThread "C2 CompilerThread0" daemon [_thread_blocked, id=30064, stack(0x0000006a01900000,0x0000006a01a00000)]
=>0x0000017b2b3fa6c0 JavaThread "C1 CompilerThread0" daemon [_thread_in_vm, id=14472, stack(0x0000006a01a00000,0x0000006a01b00000)]
  0x0000017b2b3fd8a0 JavaThread "Sweeper thread" daemon [_thread_blocked, id=34492, stack(0x0000006a01b00000,0x0000006a01c00000)]
  0x0000017b2bd96690 JavaThread "Notification Thread" daemon [_thread_blocked, id=34228, stack(0x0000006a01c00000,0x0000006a01d00000)]
  0x0000017b2bdb2a00 JavaThread "Common-Cleaner" daemon [_thread_blocked, id=36240, stack(0x0000006a01e00000,0x0000006a01f00000)]
  0x0000017b2c158270 JavaThread "C2 CompilerThread1" daemon [_thread_blocked, id=35020, stack(0x0000006a01f00000,0x0000006a02000000)]
  0x0000017b2c30e6b0 JavaThread "ForkJoinPool.commonPool-worker-1" daemon [_thread_blocked, id=8144, stack(0x0000006a02000000,0x0000006a02100000)]
  0x0000017b2c6a2650 JavaThread "HttpClient-1-SelectorManager" daemon [_thread_in_native, id=28756, stack(0x0000006a02800000,0x0000006a02900000)]
  0x0000017b2c6a2ff0 JavaThread "Thread-0" [_thread_in_native, id=29956, stack(0x0000006a02900000,0x0000006a02a00000)]
  0x0000017b2d9c34e0 JavaThread "Driver Service Executor" daemon [_thread_blocked, id=36720, stack(0x0000006a02a00000,0x0000006a02b00000)]
  0x0000017b2d9c39b0 JavaThread "Driver Service Executor" daemon [_thread_in_native, id=36716, stack(0x0000006a02b00000,0x0000006a02c00000)]
  0x0000017b2d9ac760 JavaThread "UrlChecker-2" daemon [_thread_blocked, id=26540, stack(0x0000006a02c00000,0x0000006a02d00000)]
  0x0000017b2d9d8710 JavaThread "Keep-Alive-Timer" daemon [_thread_blocked, id=9372, stack(0x0000006a02e00000,0x0000006a02f00000)]

Other Threads:
  0x0000017b2b3ac4c0 VMThread "VM Thread" [stack: 0x0000006a01200000,0x0000006a01300000] [id=36420]
  0x0000017b2bd98b70 WatcherThread [stack: 0x0000006a01d00000,0x0000006a01e00000] [id=24892]
  0x0000017b0f4ee190 GCTaskThread "GC Thread#0" [stack: 0x0000006a00d00000,0x0000006a00e00000] [id=36468]
  0x0000017b2c6a17d0 GCTaskThread "GC Thread#1" [stack: 0x0000006a02100000,0x0000006a02200000] [id=25272]
  0x0000017b2c6a1a80 GCTaskThread "GC Thread#2" [stack: 0x0000006a02200000,0x0000006a02300000] [id=31656]
  0x0000017b2c2fad00 GCTaskThread "GC Thread#3" [stack: 0x0000006a02300000,0x0000006a02400000] [id=36464]
  0x0000017b2d878e00 GCTaskThread "GC Thread#4" [stack: 0x0000006a02400000,0x0000006a02500000] [id=32992]
  0x0000017b2c55f450 GCTaskThread "GC Thread#5" [stack: 0x0000006a02500000,0x0000006a02600000] [id=36412]
  0x0000017b2c55f700 GCTaskThread "GC Thread#6" [stack: 0x0000006a02600000,0x0000006a02700000] [id=3404]
  0x0000017b2d860150 GCTaskThread "GC Thread#7" [stack: 0x0000006a02700000,0x0000006a02800000] [id=1520]
  0x0000017b0f4fee10 ConcurrentGCThread "G1 Main Marker" [stack: 0x0000006a00e00000,0x0000006a00f00000] [id=31116]
  0x0000017b0f4fffd0 ConcurrentGCThread "G1 Conc#0" [stack: 0x0000006a00f00000,0x0000006a01000000] [id=36816]
  0x0000017b0f568a30 ConcurrentGCThread "G1 Refine#0" [stack: 0x0000006a01000000,0x0000006a01100000] [id=29224]
  0x0000017b0f569450 ConcurrentGCThread "G1 Service" [stack: 0x0000006a01100000,0x0000006a01200000] [id=36448]

Threads with active compile tasks:
C1 CompilerThread0      790 1422       3       java.util.stream.Sink$ChainedReference::cancellationRequested (10 bytes)

VM state: not at safepoint (normal execution)

VM Mutex/Monitor currently owned by a thread:  ([mutex/lock_event])
[0x0000017b0f38e8f0] Metaspace_lock - owner thread: 0x0000017b2b3fa6c0
[0x0000017b0f4a8fa0] MethodData_lock - owner thread: 0x0000017b2b3fa6c0

Heap address: 0x0000000081600000, size: 2026 MB, Compressed Oops mode: 32-bit

CDS archive(s) not mapped
Compressed class space mapped at: 0x0000000100000000-0x0000000140000000, reserved size: 1073741824
Narrow klass base: 0x0000000000000000, Narrow klass shift: 3, Narrow klass range: 0x140000000

GC Precious Log:
 CPUs: 8 total, 8 available
 Memory: 8099M
 Large Page Support: Disabled
 NUMA Support: Disabled
 Compressed Oops: Enabled (32-bit)
 Heap Region Size: 1M
 Heap Min Capacity: 8M
 Heap Initial Capacity: 128M
 Heap Max Capacity: 2026M
 Pre-touch: Disabled
 Parallel Workers: 8
 Concurrent Workers: 2
 Concurrent Refinement Workers: 8
 Periodic GC: Disabled

Heap:
 garbage-first heap   total 131072K, used 20232K [0x0000000081600000, 0x0000000100000000)
  region size 1024K, 18 young (18432K), 3 survivors (3072K)
 Metaspace       used 17814K, committed 17984K, reserved 1064960K
  class space    used 1887K, committed 1984K, reserved 1048576K

Heap Regions: E=young(eden), S=young(survivor), O=old, HS=humongous(starts), HC=humongous(continues), CS=collection set, F=free, OA=open archive, CA=closed archive, TAMS=top-at-mark-start (previous, next)
|   0|0x0000000081600000, 0x0000000081700000, 0x0000000081700000|100%|HS|  |TAMS 0x0000000081600000, 0x0000000081600000| Complete 
|   1|0x0000000081700000, 0x0000000081700000, 0x0000000081800000|  0%| F|  |TAMS 0x0000000081700000, 0x0000000081700000| Untracked 
|   2|0x0000000081800000, 0x0000000081900000, 0x0000000081900000|100%| O|  |TAMS 0x0000000081800000, 0x0000000081800000| Untracked 
|   3|0x0000000081900000, 0x00000000819c2000, 0x0000000081a00000| 75%| O|  |TAMS 0x0000000081900000, 0x0000000081900000| Untracked 
|   4|0x0000000081a00000, 0x0000000081a00000, 0x0000000081b00000|  0%| F|  |TAMS 0x0000000081a00000, 0x0000000081a00000| Untracked 
|   5|0x0000000081b00000, 0x0000000081b00000, 0x0000000081c00000|  0%| F|  |TAMS 0x0000000081b00000, 0x0000000081b00000| Untracked 
|   6|0x0000000081c00000, 0x0000000081c00000, 0x0000000081d00000|  0%| F|  |TAMS 0x0000000081c00000, 0x0000000081c00000| Untracked 
|   7|0x0000000081d00000, 0x0000000081d00000, 0x0000000081e00000|  0%| F|  |TAMS 0x0000000081d00000, 0x0000000081d00000| Untracked 
|   8|0x0000000081e00000, 0x0000000081e00000, 0x0000000081f00000|  0%| F|  |TAMS 0x0000000081e00000, 0x0000000081e00000| Untracked 
|   9|0x0000000081f00000, 0x0000000081f00000, 0x0000000082000000|  0%| F|  |TAMS 0x0000000081f00000, 0x0000000081f00000| Untracked 
|  10|0x0000000082000000, 0x0000000082000000, 0x0000000082100000|  0%| F|  |TAMS 0x0000000082000000, 0x0000000082000000| Untracked 
|  11|0x0000000082100000, 0x0000000082100000, 0x0000000082200000|  0%| F|  |TAMS 0x0000000082100000, 0x0000000082100000| Untracked 
|  12|0x0000000082200000, 0x0000000082200000, 0x0000000082300000|  0%| F|  |TAMS 0x0000000082200000, 0x0000000082200000| Untracked 
|  13|0x0000000082300000, 0x0000000082300000, 0x0000000082400000|  0%| F|  |TAMS 0x0000000082300000, 0x0000000082300000| Untracked 
|  14|0x0000000082400000, 0x0000000082400000, 0x0000000082500000|  0%| F|  |TAMS 0x0000000082400000, 0x0000000082400000| Untracked 
|  15|0x0000000082500000, 0x0000000082500000, 0x0000000082600000|  0%| F|  |TAMS 0x0000000082500000, 0x0000000082500000| Untracked 
|  16|0x0000000082600000, 0x0000000082600000, 0x0000000082700000|  0%| F|  |TAMS 0x0000000082600000, 0x0000000082600000| Untracked 
|  17|0x0000000082700000, 0x0000000082700000, 0x0000000082800000|  0%| F|  |TAMS 0x0000000082700000, 0x0000000082700000| Untracked 
|  18|0x0000000082800000, 0x0000000082800000, 0x0000000082900000|  0%| F|  |TAMS 0x0000000082800000, 0x0000000082800000| Untracked 
|  19|0x0000000082900000, 0x0000000082900000, 0x0000000082a00000|  0%| F|  |TAMS 0x0000000082900000, 0x0000000082900000| Untracked 
|  20|0x0000000082a00000, 0x0000000082a00000, 0x0000000082b00000|  0%| F|  |TAMS 0x0000000082a00000, 0x0000000082a00000| Untracked 
|  21|0x0000000082b00000, 0x0000000082b00000, 0x0000000082c00000|  0%| F|  |TAMS 0x0000000082b00000, 0x0000000082b00000| Untracked 
|  22|0x0000000082c00000, 0x0000000082c00000, 0x0000000082d00000|  0%| F|  |TAMS 0x0000000082c00000, 0x0000000082c00000| Untracked 
|  23|0x0000000082d00000, 0x0000000082d00000, 0x0000000082e00000|  0%| F|  |TAMS 0x0000000082d00000, 0x0000000082d00000| Untracked 
|  24|0x0000000082e00000, 0x0000000082e00000, 0x0000000082f00000|  0%| F|  |TAMS 0x0000000082e00000, 0x0000000082e00000| Untracked 
|  25|0x0000000082f00000, 0x0000000082f00000, 0x0000000083000000|  0%| F|  |TAMS 0x0000000082f00000, 0x0000000082f00000| Untracked 
|  26|0x0000000083000000, 0x0000000083000000, 0x0000000083100000|  0%| F|  |TAMS 0x0000000083000000, 0x0000000083000000| Untracked 
|  27|0x0000000083100000, 0x0000000083100000, 0x0000000083200000|  0%| F|  |TAMS 0x0000000083100000, 0x0000000083100000| Untracked 
|  28|0x0000000083200000, 0x0000000083200000, 0x0000000083300000|  0%| F|  |TAMS 0x0000000083200000, 0x0000000083200000| Untracked 
|  29|0x0000000083300000, 0x0000000083300000, 0x0000000083400000|  0%| F|  |TAMS 0x0000000083300000, 0x0000000083300000| Untracked 
|  30|0x0000000083400000, 0x0000000083400000, 0x0000000083500000|  0%| F|  |TAMS 0x0000000083400000, 0x0000000083400000| Untracked 
|  31|0x0000000083500000, 0x0000000083500000, 0x0000000083600000|  0%| F|  |TAMS 0x0000000083500000, 0x0000000083500000| Untracked 
|  32|0x0000000083600000, 0x0000000083600000, 0x0000000083700000|  0%| F|  |TAMS 0x0000000083600000, 0x0000000083600000| Untracked 
|  33|0x0000000083700000, 0x0000000083700000, 0x0000000083800000|  0%| F|  |TAMS 0x0000000083700000, 0x0000000083700000| Untracked 
|  34|0x0000000083800000, 0x0000000083800000, 0x0000000083900000|  0%| F|  |TAMS 0x0000000083800000, 0x0000000083800000| Untracked 
|  35|0x0000000083900000, 0x0000000083900000, 0x0000000083a00000|  0%| F|  |TAMS 0x0000000083900000, 0x0000000083900000| Untracked 
|  36|0x0000000083a00000, 0x0000000083a00000, 0x0000000083b00000|  0%| F|  |TAMS 0x0000000083a00000, 0x0000000083a00000| Untracked 
|  37|0x0000000083b00000, 0x0000000083b00000, 0x0000000083c00000|  0%| F|  |TAMS 0x0000000083b00000, 0x0000000083b00000| Untracked 
|  38|0x0000000083c00000, 0x0000000083c00000, 0x0000000083d00000|  0%| F|  |TAMS 0x0000000083c00000, 0x0000000083c00000| Untracked 
|  39|0x0000000083d00000, 0x0000000083d00000, 0x0000000083e00000|  0%| F|  |TAMS 0x0000000083d00000, 0x0000000083d00000| Untracked 
|  40|0x0000000083e00000, 0x0000000083e00000, 0x0000000083f00000|  0%| F|  |TAMS 0x0000000083e00000, 0x0000000083e00000| Untracked 
|  41|0x0000000083f00000, 0x0000000083f00000, 0x0000000084000000|  0%| F|  |TAMS 0x0000000083f00000, 0x0000000083f00000| Untracked 
|  42|0x0000000084000000, 0x0000000084000000, 0x0000000084100000|  0%| F|  |TAMS 0x0000000084000000, 0x0000000084000000| Untracked 
|  43|0x0000000084100000, 0x0000000084100000, 0x0000000084200000|  0%| F|  |TAMS 0x0000000084100000, 0x0000000084100000| Untracked 
|  44|0x0000000084200000, 0x0000000084200000, 0x0000000084300000|  0%| F|  |TAMS 0x0000000084200000, 0x0000000084200000| Untracked 
|  45|0x0000000084300000, 0x0000000084300000, 0x0000000084400000|  0%| F|  |TAMS 0x0000000084300000, 0x0000000084300000| Untracked 
|  46|0x0000000084400000, 0x0000000084400000, 0x0000000084500000|  0%| F|  |TAMS 0x0000000084400000, 0x0000000084400000| Untracked 
|  47|0x0000000084500000, 0x0000000084500000, 0x0000000084600000|  0%| F|  |TAMS 0x0000000084500000, 0x0000000084500000| Untracked 
|  48|0x0000000084600000, 0x0000000084600000, 0x0000000084700000|  0%| F|  |TAMS 0x0000000084600000, 0x0000000084600000| Untracked 
|  49|0x0000000084700000, 0x0000000084700000, 0x0000000084800000|  0%| F|  |TAMS 0x0000000084700000, 0x0000000084700000| Untracked 
|  50|0x0000000084800000, 0x0000000084800000, 0x0000000084900000|  0%| F|  |TAMS 0x0000000084800000, 0x0000000084800000| Untracked 
|  51|0x0000000084900000, 0x0000000084900000, 0x0000000084a00000|  0%| F|  |TAMS 0x0000000084900000, 0x0000000084900000| Untracked 
|  52|0x0000000084a00000, 0x0000000084a00000, 0x0000000084b00000|  0%| F|  |TAMS 0x0000000084a00000, 0x0000000084a00000| Untracked 
|  53|0x0000000084b00000, 0x0000000084b00000, 0x0000000084c00000|  0%| F|  |TAMS 0x0000000084b00000, 0x0000000084b00000| Untracked 
|  54|0x0000000084c00000, 0x0000000084c00000, 0x0000000084d00000|  0%| F|  |TAMS 0x0000000084c00000, 0x0000000084c00000| Untracked 
|  55|0x0000000084d00000, 0x0000000084d00000, 0x0000000084e00000|  0%| F|  |TAMS 0x0000000084d00000, 0x0000000084d00000| Untracked 
|  56|0x0000000084e00000, 0x0000000084e00000, 0x0000000084f00000|  0%| F|  |TAMS 0x0000000084e00000, 0x0000000084e00000| Untracked 
|  57|0x0000000084f00000, 0x0000000084f00000, 0x0000000085000000|  0%| F|  |TAMS 0x0000000084f00000, 0x0000000084f00000| Untracked 
|  58|0x0000000085000000, 0x0000000085000000, 0x0000000085100000|  0%| F|  |TAMS 0x0000000085000000, 0x0000000085000000| Untracked 
|  59|0x0000000085100000, 0x0000000085100000, 0x0000000085200000|  0%| F|  |TAMS 0x0000000085100000, 0x0000000085100000| Untracked 
|  60|0x0000000085200000, 0x0000000085200000, 0x0000000085300000|  0%| F|  |TAMS 0x0000000085200000, 0x0000000085200000| Untracked 
|  61|0x0000000085300000, 0x0000000085300000, 0x0000000085400000|  0%| F|  |TAMS 0x0000000085300000, 0x0000000085300000| Untracked 
|  62|0x0000000085400000, 0x0000000085400000, 0x0000000085500000|  0%| F|  |TAMS 0x0000000085400000, 0x0000000085400000| Untracked 
|  63|0x0000000085500000, 0x0000000085500000, 0x0000000085600000|  0%| F|  |TAMS 0x0000000085500000, 0x0000000085500000| Untracked 
|  64|0x0000000085600000, 0x0000000085600000, 0x0000000085700000|  0%| F|  |TAMS 0x0000000085600000, 0x0000000085600000| Untracked 
|  65|0x0000000085700000, 0x0000000085700000, 0x0000000085800000|  0%| F|  |TAMS 0x0000000085700000, 0x0000000085700000| Untracked 
|  66|0x0000000085800000, 0x0000000085800000, 0x0000000085900000|  0%| F|  |TAMS 0x0000000085800000, 0x0000000085800000| Untracked 
|  67|0x0000000085900000, 0x0000000085900000, 0x0000000085a00000|  0%| F|  |TAMS 0x0000000085900000, 0x0000000085900000| Untracked 
|  68|0x0000000085a00000, 0x0000000085a00000, 0x0000000085b00000|  0%| F|  |TAMS 0x0000000085a00000, 0x0000000085a00000| Untracked 
|  69|0x0000000085b00000, 0x0000000085b00000, 0x0000000085c00000|  0%| F|  |TAMS 0x0000000085b00000, 0x0000000085b00000| Untracked 
|  70|0x0000000085c00000, 0x0000000085c00000, 0x0000000085d00000|  0%| F|  |TAMS 0x0000000085c00000, 0x0000000085c00000| Untracked 
|  71|0x0000000085d00000, 0x0000000085d00000, 0x0000000085e00000|  0%| F|  |TAMS 0x0000000085d00000, 0x0000000085d00000| Untracked 
|  72|0x0000000085e00000, 0x0000000085e00000, 0x0000000085f00000|  0%| F|  |TAMS 0x0000000085e00000, 0x0000000085e00000| Untracked 
|  73|0x0000000085f00000, 0x0000000085f00000, 0x0000000086000000|  0%| F|  |TAMS 0x0000000085f00000, 0x0000000085f00000| Untracked 
|  74|0x0000000086000000, 0x0000000086000000, 0x0000000086100000|  0%| F|  |TAMS 0x0000000086000000, 0x0000000086000000| Untracked 
|  75|0x0000000086100000, 0x0000000086100000, 0x0000000086200000|  0%| F|  |TAMS 0x0000000086100000, 0x0000000086100000| Untracked 
|  76|0x0000000086200000, 0x0000000086200000, 0x0000000086300000|  0%| F|  |TAMS 0x0000000086200000, 0x0000000086200000| Untracked 
|  77|0x0000000086300000, 0x0000000086300000, 0x0000000086400000|  0%| F|  |TAMS 0x0000000086300000, 0x0000000086300000| Untracked 
|  78|0x0000000086400000, 0x0000000086400000, 0x0000000086500000|  0%| F|  |TAMS 0x0000000086400000, 0x0000000086400000| Untracked 
|  79|0x0000000086500000, 0x0000000086500000, 0x0000000086600000|  0%| F|  |TAMS 0x0000000086500000, 0x0000000086500000| Untracked 
|  80|0x0000000086600000, 0x0000000086600000, 0x0000000086700000|  0%| F|  |TAMS 0x0000000086600000, 0x0000000086600000| Untracked 
|  81|0x0000000086700000, 0x0000000086700000, 0x0000000086800000|  0%| F|  |TAMS 0x0000000086700000, 0x0000000086700000| Untracked 
|  82|0x0000000086800000, 0x0000000086800000, 0x0000000086900000|  0%| F|  |TAMS 0x0000000086800000, 0x0000000086800000| Untracked 
|  83|0x0000000086900000, 0x0000000086900000, 0x0000000086a00000|  0%| F|  |TAMS 0x0000000086900000, 0x0000000086900000| Untracked 
|  84|0x0000000086a00000, 0x0000000086a00000, 0x0000000086b00000|  0%| F|  |TAMS 0x0000000086a00000, 0x0000000086a00000| Untracked 
|  85|0x0000000086b00000, 0x0000000086b00000, 0x0000000086c00000|  0%| F|  |TAMS 0x0000000086b00000, 0x0000000086b00000| Untracked 
|  86|0x0000000086c00000, 0x0000000086c00000, 0x0000000086d00000|  0%| F|  |TAMS 0x0000000086c00000, 0x0000000086c00000| Untracked 
|  87|0x0000000086d00000, 0x0000000086d00000, 0x0000000086e00000|  0%| F|  |TAMS 0x0000000086d00000, 0x0000000086d00000| Untracked 
|  88|0x0000000086e00000, 0x0000000086e00000, 0x0000000086f00000|  0%| F|  |TAMS 0x0000000086e00000, 0x0000000086e00000| Untracked 
|  89|0x0000000086f00000, 0x0000000086f00000, 0x0000000087000000|  0%| F|  |TAMS 0x0000000086f00000, 0x0000000086f00000| Untracked 
|  90|0x0000000087000000, 0x0000000087000000, 0x0000000087100000|  0%| F|  |TAMS 0x0000000087000000, 0x0000000087000000| Untracked 
|  91|0x0000000087100000, 0x0000000087100000, 0x0000000087200000|  0%| F|  |TAMS 0x0000000087100000, 0x0000000087100000| Untracked 
|  92|0x0000000087200000, 0x0000000087200000, 0x0000000087300000|  0%| F|  |TAMS 0x0000000087200000, 0x0000000087200000| Untracked 
|  93|0x0000000087300000, 0x0000000087300000, 0x0000000087400000|  0%| F|  |TAMS 0x0000000087300000, 0x0000000087300000| Untracked 
|  94|0x0000000087400000, 0x0000000087400000, 0x0000000087500000|  0%| F|  |TAMS 0x0000000087400000, 0x0000000087400000| Untracked 
|  95|0x0000000087500000, 0x0000000087500000, 0x0000000087600000|  0%| F|  |TAMS 0x0000000087500000, 0x0000000087500000| Untracked 
|  96|0x0000000087600000, 0x0000000087600000, 0x0000000087700000|  0%| F|  |TAMS 0x0000000087600000, 0x0000000087600000| Untracked 
|  97|0x0000000087700000, 0x0000000087700000, 0x0000000087800000|  0%| F|  |TAMS 0x0000000087700000, 0x0000000087700000| Untracked 
|  98|0x0000000087800000, 0x0000000087800000, 0x0000000087900000|  0%| F|  |TAMS 0x0000000087800000, 0x0000000087800000| Untracked 
|  99|0x0000000087900000, 0x0000000087900000, 0x0000000087a00000|  0%| F|  |TAMS 0x0000000087900000, 0x0000000087900000| Untracked 
| 100|0x0000000087a00000, 0x0000000087a00000, 0x0000000087b00000|  0%| F|  |TAMS 0x0000000087a00000, 0x0000000087a00000| Untracked 
| 101|0x0000000087b00000, 0x0000000087b00000, 0x0000000087c00000|  0%| F|  |TAMS 0x0000000087b00000, 0x0000000087b00000| Untracked 
| 102|0x0000000087c00000, 0x0000000087d00000, 0x0000000087d00000|100%| S|CS|TAMS 0x0000000087c00000, 0x0000000087c00000| Complete 
| 103|0x0000000087d00000, 0x0000000087e00000, 0x0000000087e00000|100%| S|CS|TAMS 0x0000000087d00000, 0x0000000087d00000| Complete 
| 104|0x0000000087e00000, 0x0000000087f00000, 0x0000000087f00000|100%| S|CS|TAMS 0x0000000087e00000, 0x0000000087e00000| Complete 
| 105|0x0000000087f00000, 0x0000000087f00000, 0x0000000088000000|  0%| F|  |TAMS 0x0000000087f00000, 0x0000000087f00000| Untracked 
| 106|0x0000000088000000, 0x0000000088000000, 0x0000000088100000|  0%| F|  |TAMS 0x0000000088000000, 0x0000000088000000| Untracked 
| 107|0x0000000088100000, 0x0000000088100000, 0x0000000088200000|  0%| F|  |TAMS 0x0000000088100000, 0x0000000088100000| Untracked 
| 108|0x0000000088200000, 0x0000000088200000, 0x0000000088300000|  0%| F|  |TAMS 0x0000000088200000, 0x0000000088200000| Untracked 
| 109|0x0000000088300000, 0x0000000088300000, 0x0000000088400000|  0%| F|  |TAMS 0x0000000088300000, 0x0000000088300000| Untracked 
| 110|0x0000000088400000, 0x0000000088400000, 0x0000000088500000|  0%| F|  |TAMS 0x0000000088400000, 0x0000000088400000| Untracked 
| 111|0x0000000088500000, 0x0000000088500000, 0x0000000088600000|  0%| F|  |TAMS 0x0000000088500000, 0x0000000088500000| Untracked 
| 112|0x0000000088600000, 0x0000000088600000, 0x0000000088700000|  0%| F|  |TAMS 0x0000000088600000, 0x0000000088600000| Untracked 
| 113|0x0000000088700000, 0x0000000088780800, 0x0000000088800000| 50%| E|  |TAMS 0x0000000088700000, 0x0000000088700000| Complete 
| 114|0x0000000088800000, 0x0000000088900000, 0x0000000088900000|100%| E|CS|TAMS 0x0000000088800000, 0x0000000088800000| Complete 
| 115|0x0000000088900000, 0x0000000088a00000, 0x0000000088a00000|100%| E|CS|TAMS 0x0000000088900000, 0x0000000088900000| Complete 
| 116|0x0000000088a00000, 0x0000000088b00000, 0x0000000088b00000|100%| E|CS|TAMS 0x0000000088a00000, 0x0000000088a00000| Complete 
| 117|0x0000000088b00000, 0x0000000088c00000, 0x0000000088c00000|100%| E|CS|TAMS 0x0000000088b00000, 0x0000000088b00000| Complete 
| 118|0x0000000088c00000, 0x0000000088d00000, 0x0000000088d00000|100%| E|CS|TAMS 0x0000000088c00000, 0x0000000088c00000| Complete 
| 119|0x0000000088d00000, 0x0000000088e00000, 0x0000000088e00000|100%| E|CS|TAMS 0x0000000088d00000, 0x0000000088d00000| Complete 
| 120|0x0000000088e00000, 0x0000000088f00000, 0x0000000088f00000|100%| E|CS|TAMS 0x0000000088e00000, 0x0000000088e00000| Complete 
| 121|0x0000000088f00000, 0x0000000089000000, 0x0000000089000000|100%| E|CS|TAMS 0x0000000088f00000, 0x0000000088f00000| Complete 
| 122|0x0000000089000000, 0x0000000089100000, 0x0000000089100000|100%| E|CS|TAMS 0x0000000089000000, 0x0000000089000000| Complete 
| 123|0x0000000089100000, 0x0000000089200000, 0x0000000089200000|100%| E|CS|TAMS 0x0000000089100000, 0x0000000089100000| Complete 
| 124|0x0000000089200000, 0x0000000089300000, 0x0000000089300000|100%| E|CS|TAMS 0x0000000089200000, 0x0000000089200000| Complete 
| 125|0x0000000089300000, 0x0000000089400000, 0x0000000089400000|100%| E|CS|TAMS 0x0000000089300000, 0x0000000089300000| Complete 
| 126|0x0000000089400000, 0x0000000089500000, 0x0000000089500000|100%| E|CS|TAMS 0x0000000089400000, 0x0000000089400000| Complete 
| 127|0x0000000089500000, 0x0000000089600000, 0x0000000089600000|100%| E|CS|TAMS 0x0000000089500000, 0x0000000089500000| Complete 

Card table byte_map: [0x0000017b24180000,0x0000017b24580000] _byte_map_base: 0x0000017b23d75000

Marking Bits (Prev, Next): (CMBitMap*) 0x0000017b0f4ee7a0, (CMBitMap*) 0x0000017b0f4ee7e0
 Prev Bits: [0x0000017b24980000, 0x0000017b26928000)
 Next Bits: [0x0000017b26930000, 0x0000017b288d8000)

Polling page: 0x0000017b142f0000

Metaspace:

Usage:
  Non-class:     15.55 MB used.
      Class:      1.84 MB used.
       Both:     17.40 MB used.

Virtual space:
  Non-class space:       16.00 MB reserved,      15.62 MB ( 98%) committed,  2 nodes.
      Class space:        1.00 GB reserved,       1.94 MB ( <1%) committed,  1 nodes.
             Both:        1.02 GB reserved,      17.56 MB (  2%) committed. 

Chunk freelists:
   Non-Class:  80.00 KB
       Class:  1.95 MB
        Both:  2.03 MB

MaxMetaspaceSize: unlimited
CompressedClassSpaceSize: 1.00 GB
Initial GC threshold: 21.00 MB
Current GC threshold: 21.00 MB
CDS: off
MetaspaceReclaimPolicy: balanced
 - commit_granule_bytes: 65536.
 - commit_granule_words: 8192.
 - virtual_space_node_default_size: 1048576.
 - enlarge_chunks_in_place: 1.
 - new_chunks_are_fully_committed: 0.
 - uncommit_free_chunks: 1.
 - use_allocation_guard: 0.
 - handle_deallocations: 1.


Internal statistics:

num_allocs_failed_limit: 0.
num_arena_births: 154.
num_arena_deaths: 0.
num_vsnodes_births: 3.
num_vsnodes_deaths: 0.
num_space_committed: 281.
num_space_uncommitted: 0.
num_chunks_returned_to_freelist: 0.
num_chunks_taken_from_freelist: 351.
num_chunk_merges: 0.
num_chunk_splits: 200.
num_chunks_enlarged: 127.
num_purges: 0.
num_inconsistent_stats: 0.

CodeHeap 'non-profiled nmethods': size=120000Kb used=528Kb max_used=528Kb free=119471Kb
 bounds [0x0000017b1bde0000, 0x0000017b1c050000, 0x0000017b23310000]
CodeHeap 'profiled nmethods': size=120000Kb used=2565Kb max_used=2565Kb free=117434Kb
 bounds [0x0000017b148b0000, 0x0000017b14b40000, 0x0000017b1bde0000]
CodeHeap 'non-nmethods': size=5760Kb used=1184Kb max_used=1216Kb free=4576Kb
 bounds [0x0000017b14310000, 0x0000017b14580000, 0x0000017b148b0000]
 total_blobs=1901 nmethods=1421 adapters=393
 compilation: enabled
              stopped_count=0, restarted_count=0
 full_count=0

Compilation events (20 events):
Event: 0.749 Thread 0x0000017b2b3fa6c0 nmethod 1411 0x0000017b14b25390 code [0x0000017b14b25520, 0x0000017b14b25678]
Event: 0.749 Thread 0x0000017b2b3fa6c0 1412       3       java.lang.invoke.Invokers$Holder::invokeExact_MT (32 bytes)
Event: 0.750 Thread 0x0000017b2b3fa6c0 nmethod 1412 0x0000017b14b25710 code [0x0000017b14b25920, 0x0000017b14b261d8]
Event: 0.750 Thread 0x0000017b2b3fa6c0 1413       3       java.lang.invoke.LambdaMetafactory::metafactory (71 bytes)
Event: 0.750 Thread 0x0000017b2b3fa6c0 nmethod 1413 0x0000017b14b26410 code [0x0000017b14b266a0, 0x0000017b14b271a8]
Event: 0.755 Thread 0x0000017b2b3fa6c0 1416       3       jdk.internal.org.objectweb.asm.ClassWriter::toByteArray (1515 bytes)
Event: 0.758 Thread 0x0000017b2b3fa6c0 nmethod 1416 0x0000017b14b27690 code [0x0000017b14b27fc0, 0x0000017b14b2bcd8]
Event: 0.758 Thread 0x0000017b2b3fa6c0 1415       3       jdk.internal.org.objectweb.asm.MethodWriter::visitTypeInsn (116 bytes)
Event: 0.759 Thread 0x0000017b2b3fa6c0 nmethod 1415 0x0000017b14b2dc90 code [0x0000017b14b2de80, 0x0000017b14b2e288]
Event: 0.759 Thread 0x0000017b2b3fa6c0 1417       3       jdk.internal.org.objectweb.asm.MethodVisitor::visitInsn (16 bytes)
Event: 0.759 Thread 0x0000017b2b3fa6c0 nmethod 1417 0x0000017b14b2e490 code [0x0000017b14b2e640, 0x0000017b14b2e848]
Event: 0.759 Thread 0x0000017b2b3fa6c0 1418       3       java.lang.Byte::hashCode (8 bytes)
Event: 0.759 Thread 0x0000017b2b3fa6c0 nmethod 1418 0x0000017b14b2e910 code [0x0000017b14b2eaa0, 0x0000017b14b2ebf8]
Event: 0.759 Thread 0x0000017b2b3fa6c0 1419       3       java.lang.Byte::hashCode (2 bytes)
Event: 0.759 Thread 0x0000017b2b3fa6c0 nmethod 1419 0x0000017b14b2ec90 code [0x0000017b14b2ee20, 0x0000017b14b2ef18]
Event: 0.759 Thread 0x0000017b2b3fa6c0 1420       3       java.lang.invoke.MethodHandles$Lookup::findBoundCallerLookup (30 bytes)
Event: 0.759 Thread 0x0000017b2b3fa6c0 nmethod 1420 0x0000017b14b2ef90 code [0x0000017b14b2f1a0, 0x0000017b14b2f958]
Event: 0.759 Thread 0x0000017b2b3fa6c0 1421       3       java.lang.invoke.MethodHandles$Lookup::getDirectMethodCommon (280 bytes)
Event: 0.760 Thread 0x0000017b2b3fa6c0 nmethod 1421 0x0000017b14b2fc10 code [0x0000017b14b2ff20, 0x0000017b14b30f98]
Event: 0.760 Thread 0x0000017b2b3fa6c0 1422       3       java.util.stream.Sink$ChainedReference::cancellationRequested (10 bytes)

GC Heap History (2 events):
Event: 0.484 GC heap before
{Heap before GC invocations=0 (full 0):
 garbage-first heap   total 131072K, used 24576K [0x0000000081600000, 0x0000000100000000)
  region size 1024K, 23 young (23552K), 0 survivors (0K)
 Metaspace       used 13218K, committed 13376K, reserved 1064960K
  class space    used 1299K, committed 1408K, reserved 1048576K
}
Event: 0.488 GC heap after
{Heap after GC invocations=1 (full 0):
 garbage-first heap   total 131072K, used 5896K [0x0000000081600000, 0x0000000100000000)
  region size 1024K, 3 young (3072K), 3 survivors (3072K)
 Metaspace       used 13218K, committed 13376K, reserved 1064960K
  class space    used 1299K, committed 1408K, reserved 1048576K
}

Deoptimization events (20 events):
Event: 0.587 Thread 0x0000017b0f4ad5c0 DEOPT PACKING pc=0x0000017b1be291e8 sp=0x0000006a00cfcd00
Event: 0.587 Thread 0x0000017b0f4ad5c0 DEOPT UNPACKING pc=0x0000017b143623a3 sp=0x0000006a00cfcc30 mode 2
Event: 0.587 Thread 0x0000017b0f4ad5c0 Uncommon trap: trap_request=0xffffffc6 fr.pc=0x0000017b1be25994 relative=0x00000000000012f4
Event: 0.587 Thread 0x0000017b0f4ad5c0 Uncommon trap: reason=bimorphic_or_optimized_type_check action=maybe_recompile pc=0x0000017b1be25994 method=java.util.HashMap.putVal(ILjava/lang/Object;Ljava/lang/Object;ZZ)Ljava/lang/Object; @ 56 c2
Event: 0.587 Thread 0x0000017b0f4ad5c0 DEOPT PACKING pc=0x0000017b1be25994 sp=0x0000006a00cfcc70
Event: 0.587 Thread 0x0000017b0f4ad5c0 DEOPT UNPACKING pc=0x0000017b143623a3 sp=0x0000006a00cfcc28 mode 2
Event: 0.605 Thread 0x0000017b0f4ad5c0 DEOPT PACKING pc=0x0000017b148de5be sp=0x0000006a00cfbc10
Event: 0.605 Thread 0x0000017b0f4ad5c0 DEOPT UNPACKING pc=0x0000017b14362b43 sp=0x0000006a00cfb088 mode 0
Event: 0.659 Thread 0x0000017b2d9ac760 Uncommon trap: trap_request=0xffffff45 fr.pc=0x0000017b1be1bba8 relative=0x0000000000000108
Event: 0.659 Thread 0x0000017b2d9ac760 Uncommon trap: reason=unstable_if action=reinterpret pc=0x0000017b1be1bba8 method=java.lang.CharacterDataLatin1.digit(II)I @ 12 c2
Event: 0.659 Thread 0x0000017b2d9ac760 DEOPT PACKING pc=0x0000017b1be1bba8 sp=0x0000006a02cfe6f0
Event: 0.659 Thread 0x0000017b2d9ac760 DEOPT UNPACKING pc=0x0000017b143623a3 sp=0x0000006a02cfe5a8 mode 2
Event: 0.671 Thread 0x0000017b2d9ac760 Uncommon trap: trap_request=0xffffff45 fr.pc=0x0000017b1be1b7c8 relative=0x00000000000000a8
Event: 0.671 Thread 0x0000017b2d9ac760 Uncommon trap: reason=unstable_if action=reinterpret pc=0x0000017b1be1b7c8 method=java.lang.CharacterDataLatin1.digit(II)I @ 12 c2
Event: 0.671 Thread 0x0000017b2d9ac760 DEOPT PACKING pc=0x0000017b1be1b7c8 sp=0x0000006a02cfe640
Event: 0.671 Thread 0x0000017b2d9ac760 DEOPT UNPACKING pc=0x0000017b143623a3 sp=0x0000006a02cfe5b8 mode 2
Event: 0.672 Thread 0x0000017b2d9ac760 Uncommon trap: trap_request=0xffffffde fr.pc=0x0000017b1be32e38 relative=0x0000000000000278
Event: 0.672 Thread 0x0000017b2d9ac760 Uncommon trap: reason=class_check action=maybe_recompile pc=0x0000017b1be32e38 method=java.util.HashMap.getNode(Ljava/lang/Object;)Ljava/util/HashMap$Node; @ 128 c2
Event: 0.672 Thread 0x0000017b2d9ac760 DEOPT PACKING pc=0x0000017b1be32e38 sp=0x0000006a02cfe680
Event: 0.672 Thread 0x0000017b2d9ac760 DEOPT UNPACKING pc=0x0000017b143623a3 sp=0x0000006a02cfe5e8 mode 2

Classes unloaded (0 events):
No events

Classes redefined (0 events):
No events

Internal exceptions (20 events):
Event: 0.625 Thread 0x0000017b0f4ad5c0 Exception <a 'java/lang/NoSuchMethodError'{0x0000000088e615e0}: 'java.lang.Object java.lang.invoke.DirectMethodHandle$Holder.invokeInterface(java.lang.Object, java.lang.Object, java.lang.Object)'> (0x0000000088e615e0) 
thrown [e:\jenkins\tmp\workspace\build\src\src\hotspot\share\interpreter\linkResolver.cpp, line 766]
Event: 0.625 Thread 0x0000017b0f4ad5c0 Exception <a 'java/lang/IncompatibleClassChangeError'{0x0000000088e65148}: Found class java.lang.Object, but interface was expected> (0x0000000088e65148) 
thrown [e:\jenkins\tmp\workspace\build\src\src\hotspot\share\interpreter\linkResolver.cpp, line 833]
Event: 0.626 Thread 0x0000017b0f4ad5c0 Exception <a 'java/lang/NoSuchMethodError'{0x0000000088e6d3d0}: 'int java.lang.invoke.DirectMethodHandle$Holder.invokeSpecialIFC(java.lang.Object, java.lang.Object, java.lang.Object, java.lang.Object)'> (0x0000000088e6d3d0) 
thrown [e:\jenkins\tmp\workspace\build\src\src\hotspot\share\interpreter\linkResolver.cpp, line 766]
Event: 0.636 Thread 0x0000017b0f4ad5c0 Exception <a 'java/lang/NoSuchMethodError'{0x0000000088d000a8}: 'java.lang.Object java.lang.invoke.DirectMethodHandle$Holder.invokeVirtual(java.lang.Object, java.lang.Object, java.lang.Object, java.lang.Object)'> (0x0000000088d000a8) 
thrown [e:\jenkins\tmp\workspace\build\src\src\hotspot\share\interpreter\linkResolver.cpp, line 766]
Event: 0.642 Thread 0x0000017b0f4ad5c0 Exception <a 'java/lang/NoSuchMethodError'{0x0000000088d08118}: 'void java.lang.invoke.DirectMethodHandle$Holder.invokeStatic(java.lang.Object, long)'> (0x0000000088d08118) 
thrown [e:\jenkins\tmp\workspace\build\src\src\hotspot\share\interpreter\linkResolver.cpp, line 766]
Event: 0.643 Thread 0x0000017b0f4ad5c0 Exception <a 'java/lang/NoSuchMethodError'{0x0000000088d0d540}: 'java.lang.Object java.lang.invoke.DirectMethodHandle$Holder.newInvokeSpecial(java.lang.Object, long)'> (0x0000000088d0d540) 
thrown [e:\jenkins\tmp\workspace\build\src\src\hotspot\share\interpreter\linkResolver.cpp, line 766]
Event: 0.645 Thread 0x0000017b0f4ad5c0 Exception <a 'java/lang/NoSuchMethodError'{0x0000000088d17520}: 'java.lang.Object java.lang.invoke.DirectMethodHandle$Holder.invokeStaticInit(java.lang.Object, java.lang.Object, long, java.lang.Object)'> (0x0000000088d17520) 
thrown [e:\jenkins\tmp\workspace\build\src\src\hotspot\share\interpreter\linkResolver.cpp, line 766]
Event: 0.645 Thread 0x0000017b0f4ad5c0 Exception <a 'java/lang/NoSuchMethodError'{0x0000000088d1d850}: 'java.lang.Object java.lang.invoke.DirectMethodHandle$Holder.newInvokeSpecial(java.lang.Object, java.lang.Object, long)'> (0x0000000088d1d850) 
thrown [e:\jenkins\tmp\workspace\build\src\src\hotspot\share\interpreter\linkResolver.cpp, line 766]
Event: 0.645 Thread 0x0000017b0f4ad5c0 Exception <a 'java/lang/NoSuchMethodError'{0x0000000088d213c0}: 'java.lang.Object java.lang.invoke.Invokers$Holder.linkToTargetMethod(java.lang.Object, long, java.lang.Object)'> (0x0000000088d213c0) 
thrown [e:\jenkins\tmp\workspace\build\src\src\hotspot\share\interpreter\linkResolver.cpp, line 766]
Event: 0.660 Thread 0x0000017b2d9ac760 Exception <a 'java/net/ConnectException'{0x0000000088c08460}: Connection refused: no further information> (0x0000000088c08460) 
thrown [e:\jenkins\tmp\workspace\build\src\src\hotspot\share\prims\jni.cpp, line 535]
Event: 0.660 Thread 0x0000017b2d9ac760 Exception <a 'java/net/SocketException'{0x0000000088c08798}: Socket is not connected: shutdown> (0x0000000088c08798) 
thrown [e:\jenkins\tmp\workspace\build\src\src\hotspot\share\prims\jni.cpp, line 535]
Event: 0.685 Thread 0x0000017b0f4ad5c0 Exception <a 'java/lang/NoSuchMethodError'{0x0000000088c69640}: 'int java.lang.invoke.DirectMethodHandle$Holder.invokeVirtual(java.lang.Object, java.lang.Object)'> (0x0000000088c69640) 
thrown [e:\jenkins\tmp\workspace\build\src\src\hotspot\share\interpreter\linkResolver.cpp, line 766]
Event: 0.686 Thread 0x0000017b0f4ad5c0 Exception <a 'java/lang/NoSuchMethodError'{0x0000000088c6fb28}: 'double java.lang.invoke.DirectMethodHandle$Holder.invokeVirtual(java.lang.Object, java.lang.Object)'> (0x0000000088c6fb28) 
thrown [e:\jenkins\tmp\workspace\build\src\src\hotspot\share\interpreter\linkResolver.cpp, line 766]
Event: 0.686 Thread 0x0000017b0f4ad5c0 Exception <a 'java/lang/NoSuchMethodError'{0x0000000088c762d0}: 'float java.lang.invoke.DirectMethodHandle$Holder.invokeVirtual(java.lang.Object, java.lang.Object)'> (0x0000000088c762d0) 
thrown [e:\jenkins\tmp\workspace\build\src\src\hotspot\share\interpreter\linkResolver.cpp, line 766]
Event: 0.687 Thread 0x0000017b0f4ad5c0 Exception <a 'java/lang/NoSuchMethodError'{0x0000000088c7f368}: 'long java.lang.invoke.DirectMethodHandle$Holder.invokeVirtual(java.lang.Object, java.lang.Object)'> (0x0000000088c7f368) 
thrown [e:\jenkins\tmp\workspace\build\src\src\hotspot\share\interpreter\linkResolver.cpp, line 766]
Event: 0.691 Thread 0x0000017b0f4ad5c0 Exception <a 'java/lang/NoSuchMethodError'{0x0000000088caf208}: 'void java.lang.invoke.DirectMethodHandle$Holder.invokeStatic(java.lang.Object, java.lang.Object, java.lang.Object)'> (0x0000000088caf208) 
thrown [e:\jenkins\tmp\workspace\build\src\src\hotspot\share\interpreter\linkResolver.cpp, line 766]
Event: 0.692 Thread 0x0000017b0f4ad5c0 Exception <a 'java/lang/NoSuchMethodError'{0x0000000088cb5968}: 'java.lang.Object java.lang.invoke.DirectMethodHandle$Holder.invokeVirtual(java.lang.Object, java.lang.Object, java.lang.Object)'> (0x0000000088cb5968) 
thrown [e:\jenkins\tmp\workspace\build\src\src\hotspot\share\interpreter\linkResolver.cpp, line 766]
Event: 0.714 Thread 0x0000017b0f4ad5c0 Exception <a 'java/lang/NoSuchMethodError'{0x0000000088bec240}: 'java.lang.Object java.lang.invoke.DirectMethodHandle$Holder.newInvokeSpecial(java.lang.Object, java.lang.Object, int, int)'> (0x0000000088bec240) 
thrown [e:\jenkins\tmp\workspace\build\src\src\hotspot\share\interpreter\linkResolver.cpp, line 766]
Event: 0.714 Thread 0x0000017b0f4ad5c0 Exception <a 'java/lang/NoSuchMethodError'{0x0000000088bf6dc8}: 'void java.lang.invoke.DirectMethodHandle$Holder.invokeStatic(java.lang.Object, java.lang.Object, int)'> (0x0000000088bf6dc8) 
thrown [e:\jenkins\tmp\workspace\build\src\src\hotspot\share\interpreter\linkResolver.cpp, line 766]
Event: 0.734 Thread 0x0000017b0f4ad5c0 Exception <a 'java/lang/NoSuchMethodError'{0x000000008895ce98}: 'java.lang.Object java.lang.invoke.DirectMethodHandle$Holder.newInvokeSpecial(java.lang.Object, java.lang.Object, java.lang.Object, java.lang.Object, java.lang.Object)'> (0x000000008895ce98) 
thrown [e:\jenkins\tmp\workspace\build\src\src\hotspot\share\interpreter\linkResolver.cpp, line 766]

VM Operations (20 events):
Event: 0.126 Executing VM operation: HandshakeAllThreads
Event: 0.126 Executing VM operation: HandshakeAllThreads done
Event: 0.253 Executing VM operation: HandshakeAllThreads
Event: 0.253 Executing VM operation: HandshakeAllThreads done
Event: 0.271 Executing VM operation: HandshakeAllThreads
Event: 0.271 Executing VM operation: HandshakeAllThreads done
Event: 0.318 Executing VM operation: HandshakeAllThreads
Event: 0.318 Executing VM operation: HandshakeAllThreads done
Event: 0.382 Executing VM operation: HandshakeAllThreads
Event: 0.382 Executing VM operation: HandshakeAllThreads done
Event: 0.484 Executing VM operation: G1CollectForAllocation
Event: 0.488 Executing VM operation: G1CollectForAllocation done
Event: 0.552 Executing VM operation: HandshakeAllThreads
Event: 0.552 Executing VM operation: HandshakeAllThreads done
Event: 0.587 Executing VM operation: HandshakeAllThreads
Event: 0.587 Executing VM operation: HandshakeAllThreads done
Event: 0.674 Executing VM operation: HandshakeAllThreads
Event: 0.674 Executing VM operation: HandshakeAllThreads done
Event: 0.675 Executing VM operation: HandshakeAllThreads
Event: 0.675 Executing VM operation: HandshakeAllThreads done

Events (20 events):
Event: 0.733 loading class java/util/stream/ReduceOps$CountingSink$OfRef
Event: 0.733 loading class java/util/stream/ReduceOps$CountingSink
Event: 0.733 loading class java/util/stream/ReduceOps$CountingSink done
Event: 0.733 loading class java/util/stream/ReduceOps$CountingSink$OfRef done
Event: 0.735 loading class java/lang/CloneNotSupportedException
Event: 0.735 loading class java/lang/CloneNotSupportedException done
Event: 0.736 loading class java/util/stream/ReferencePipeline$15
Event: 0.736 loading class java/util/stream/ReferencePipeline$15 done
Event: 0.737 loading class java/util/stream/ReferencePipeline$15$1
Event: 0.737 loading class java/util/stream/ReferencePipeline$15$1 done
Event: 0.740 loading class java/util/HashMap$EntrySpliterator
Event: 0.740 loading class java/util/HashMap$EntrySpliterator done
Event: 0.758 loading class java/util/stream/DistinctOps
Event: 0.758 loading class java/util/stream/DistinctOps done
Event: 0.759 loading class java/util/stream/DistinctOps$1
Event: 0.759 loading class java/util/stream/ReferencePipeline$StatefulOp
Event: 0.759 loading class java/util/stream/ReferencePipeline$StatefulOp done
Event: 0.759 loading class java/util/stream/DistinctOps$1 done
Event: 0.759 loading class java/util/stream/DistinctOps$1$2
Event: 0.759 loading class java/util/stream/DistinctOps$1$2 done


Dynamic libraries:
0x00007ff6bceb0000 - 0x00007ff6bcebe000 	C:\Users\ak398\.p2\pool\plugins\org.eclipse.justj.openjdk.hotspot.jre.full.win32.x86_64_17.0.0.v20211012-1059\jre\bin\javaw.exe
0x00007ffed6650000 - 0x00007ffed6867000 	C:\WINDOWS\SYSTEM32\ntdll.dll
0x00007ffed43a0000 - 0x00007ffed4464000 	C:\WINDOWS\System32\KERNEL32.DLL
0x00007ffed3c20000 - 0x00007ffed3fc6000 	C:\WINDOWS\System32\KERNELBASE.dll
0x00007ffed4100000 - 0x00007ffed4211000 	C:\WINDOWS\System32\ucrtbase.dll
0x00007ffeb4f80000 - 0x00007ffeb4f99000 	C:\Users\ak398\.p2\pool\plugins\org.eclipse.justj.openjdk.hotspot.jre.full.win32.x86_64_17.0.0.v20211012-1059\jre\bin\VCRUNTIME140.dll
0x00007ffeb1ef0000 - 0x00007ffeb1f08000 	C:\Users\ak398\.p2\pool\plugins\org.eclipse.justj.openjdk.hotspot.jre.full.win32.x86_64_17.0.0.v20211012-1059\jre\bin\jli.dll
0x00007ffed4570000 - 0x00007ffed471e000 	C:\WINDOWS\System32\USER32.dll
0x00007ffed4370000 - 0x00007ffed4396000 	C:\WINDOWS\System32\win32u.dll
0x00007ffeb5cf0000 - 0x00007ffeb5f83000 	C:\WINDOWS\WinSxS\amd64_microsoft.windows.common-controls_6595b64144ccf1df_6.0.22621.2506_none_270c5ae97388e100\COMCTL32.dll
0x00007ffed65e0000 - 0x00007ffed6609000 	C:\WINDOWS\System32\GDI32.dll
0x00007ffed5190000 - 0x00007ffed5237000 	C:\WINDOWS\System32\msvcrt.dll
0x00007ffed4250000 - 0x00007ffed4368000 	C:\WINDOWS\System32\gdi32full.dll
0x00007ffed3b00000 - 0x00007ffed3b9a000 	C:\WINDOWS\System32\msvcp_win.dll
0x00007ffed5240000 - 0x00007ffed5271000 	C:\WINDOWS\System32\IMM32.DLL
0x00007ffed0890000 - 0x00007ffed089c000 	C:\Users\ak398\.p2\pool\plugins\org.eclipse.justj.openjdk.hotspot.jre.full.win32.x86_64_17.0.0.v20211012-1059\jre\bin\vcruntime140_1.dll
0x00007ffe9c850000 - 0x00007ffe9c8e1000 	C:\Users\ak398\.p2\pool\plugins\org.eclipse.justj.openjdk.hotspot.jre.full.win32.x86_64_17.0.0.v20211012-1059\jre\bin\msvcp140.dll
0x00007ffe641a0000 - 0x00007ffe64de6000 	C:\Users\ak398\.p2\pool\plugins\org.eclipse.justj.openjdk.hotspot.jre.full.win32.x86_64_17.0.0.v20211012-1059\jre\bin\server\jvm.dll
0x00007ffed5290000 - 0x00007ffed5343000 	C:\WINDOWS\System32\ADVAPI32.dll
0x00007ffed6530000 - 0x00007ffed65d8000 	C:\WINDOWS\System32\sechost.dll
0x00007ffed4220000 - 0x00007ffed4248000 	C:\WINDOWS\System32\bcrypt.dll
0x00007ffed57d0000 - 0x00007ffed58e7000 	C:\WINDOWS\System32\RPCRT4.dll
0x00007ffed5020000 - 0x00007ffed5028000 	C:\WINDOWS\System32\PSAPI.DLL
0x00007ffeb1e50000 - 0x00007ffeb1e59000 	C:\WINDOWS\SYSTEM32\WSOCK32.dll
0x00007ffecc480000 - 0x00007ffecc48a000 	C:\WINDOWS\SYSTEM32\VERSION.dll
0x00007ffecc1e0000 - 0x00007ffecc214000 	C:\WINDOWS\SYSTEM32\WINMM.dll
0x00007ffed4ae0000 - 0x00007ffed4b51000 	C:\WINDOWS\System32\WS2_32.dll
0x00007ffed2990000 - 0x00007ffed29a8000 	C:\WINDOWS\SYSTEM32\kernel.appcore.dll
0x00007ffed0840000 - 0x00007ffed084a000 	C:\Users\ak398\.p2\pool\plugins\org.eclipse.justj.openjdk.hotspot.jre.full.win32.x86_64_17.0.0.v20211012-1059\jre\bin\jimage.dll
0x00007ffed1270000 - 0x00007ffed14a3000 	C:\WINDOWS\SYSTEM32\DBGHELP.DLL
0x00007ffed4c60000 - 0x00007ffed4fe9000 	C:\WINDOWS\System32\combase.dll
0x00007ffed63f0000 - 0x00007ffed64c7000 	C:\WINDOWS\System32\OLEAUT32.dll
0x00007ffec3600000 - 0x00007ffec3632000 	C:\WINDOWS\SYSTEM32\dbgcore.DLL
0x00007ffed3ba0000 - 0x00007ffed3c1a000 	C:\WINDOWS\System32\bcryptPrimitives.dll
0x00007ffeb1c50000 - 0x00007ffeb1c75000 	C:\Users\ak398\.p2\pool\plugins\org.eclipse.justj.openjdk.hotspot.jre.full.win32.x86_64_17.0.0.v20211012-1059\jre\bin\java.dll
0x00007ffeb1e30000 - 0x00007ffeb1e48000 	C:\Users\ak398\.p2\pool\plugins\org.eclipse.justj.openjdk.hotspot.jre.full.win32.x86_64_17.0.0.v20211012-1059\jre\bin\zip.dll
0x00007ffed5b90000 - 0x00007ffed63eb000 	C:\WINDOWS\System32\SHELL32.dll
0x00007ffed18a0000 - 0x00007ffed2196000 	C:\WINDOWS\SYSTEM32\windows.storage.dll
0x00007ffed1760000 - 0x00007ffed189e000 	C:\WINDOWS\SYSTEM32\wintypes.dll
0x00007ffed5a90000 - 0x00007ffed5b83000 	C:\WINDOWS\System32\SHCORE.dll
0x00007ffed4940000 - 0x00007ffed499e000 	C:\WINDOWS\System32\shlwapi.dll
0x00007ffed38c0000 - 0x00007ffed38e6000 	C:\WINDOWS\SYSTEM32\profapi.dll
0x00007ffeb17e0000 - 0x00007ffeb17f9000 	C:\Users\ak398\.p2\pool\plugins\org.eclipse.justj.openjdk.hotspot.jre.full.win32.x86_64_17.0.0.v20211012-1059\jre\bin\net.dll
0x00007ffece330000 - 0x00007ffece467000 	C:\WINDOWS\SYSTEM32\WINHTTP.dll
0x00007ffed2e10000 - 0x00007ffed2e79000 	C:\WINDOWS\system32\mswsock.dll
0x00007ffeae330000 - 0x00007ffeae345000 	C:\Users\ak398\.p2\pool\plugins\org.eclipse.justj.openjdk.hotspot.jre.full.win32.x86_64_17.0.0.v20211012-1059\jre\bin\nio.dll
0x00007ffed2470000 - 0x00007ffed2569000 	C:\WINDOWS\SYSTEM32\DNSAPI.dll
0x00007ffed2400000 - 0x00007ffed242d000 	C:\WINDOWS\SYSTEM32\IPHLPAPI.DLL
0x00007ffed5280000 - 0x00007ffed5289000 	C:\WINDOWS\System32\NSI.dll
0x00007ffecc120000 - 0x00007ffecc12a000 	C:\Windows\System32\rasadhlp.dll
0x00007ffecc270000 - 0x00007ffecc2f3000 	C:\WINDOWS\System32\fwpuclnt.dll
0x00007ffed30d0000 - 0x00007ffed30eb000 	C:\WINDOWS\SYSTEM32\CRYPTSP.dll
0x00007ffed28f0000 - 0x00007ffed2925000 	C:\WINDOWS\system32\rsaenh.dll
0x00007ffed2f40000 - 0x00007ffed2f6c000 	C:\WINDOWS\SYSTEM32\USERENV.dll
0x00007ffed30c0000 - 0x00007ffed30cc000 	C:\WINDOWS\SYSTEM32\CRYPTBASE.dll
0x00007ffecdc50000 - 0x00007ffecdc69000 	C:\WINDOWS\SYSTEM32\dhcpcsvc6.DLL
0x00007ffecd720000 - 0x00007ffecd73f000 	C:\WINDOWS\SYSTEM32\dhcpcsvc.DLL
0x00007ffec9600000 - 0x00007ffec960e000 	C:\Users\ak398\.p2\pool\plugins\org.eclipse.justj.openjdk.hotspot.jre.full.win32.x86_64_17.0.0.v20211012-1059\jre\bin\sunmscapi.dll
0x00007ffed3990000 - 0x00007ffed3af6000 	C:\WINDOWS\System32\CRYPT32.dll
0x00007ffed3350000 - 0x00007ffed337e000 	C:\WINDOWS\SYSTEM32\ncrypt.dll
0x00007ffed3310000 - 0x00007ffed3347000 	C:\WINDOWS\SYSTEM32\NTASN1.dll
0x00007ffec1850000 - 0x00007ffec1858000 	C:\WINDOWS\system32\wshunix.dll

dbghelp: loaded successfully - version: 4.0.5 - missing functions: none
symbol engine: initialized successfully - sym options: 0x614 - pdb path: .;C:\Users\ak398\.p2\pool\plugins\org.eclipse.justj.openjdk.hotspot.jre.full.win32.x86_64_17.0.0.v20211012-1059\jre\bin;C:\WINDOWS\SYSTEM32;C:\WINDOWS\WinSxS\amd64_microsoft.windows.common-controls_6595b64144ccf1df_6.0.22621.2506_none_270c5ae97388e100;C:\Users\ak398\.p2\pool\plugins\org.eclipse.justj.openjdk.hotspot.jre.full.win32.x86_64_17.0.0.v20211012-1059\jre\bin\server

VM Arguments:
jvm_args: -Dfile.encoding=UTF-8 -Dstdout.encoding=UTF-8 -Dstderr.encoding=UTF-8 -XX:+ShowCodeDetailsInExceptionMessages 
java_command: practice.scrolling
java_class_path (initial): C:\Users\ak398\eclipse-workspace\BSG\target\test-classes;C:\Users\ak398\eclipse-workspace\BSG\target\classes;C:\Users\ak398\.m2\repository\junit\junit\4.11\junit-4.11.jar;C:\Users\ak398\.m2\repository\org\hamcrest\hamcrest-core\1.3\hamcrest-core-1.3.jar;C:\Users\ak398\.m2\repository\org\seleniumhq\selenium\selenium-java\4.15.0\selenium-java-4.15.0.jar;C:\Users\ak398\.m2\repository\org\seleniumhq\selenium\selenium-api\4.15.0\selenium-api-4.15.0.jar;C:\Users\ak398\.m2\repository\org\seleniumhq\selenium\selenium-chrome-driver\4.15.0\selenium-chrome-driver-4.15.0.jar;C:\Users\ak398\.m2\repository\com\google\auto\service\auto-service-annotations\1.1.1\auto-service-annotations-1.1.1.jar;C:\Users\ak398\.m2\repository\org\seleniumhq\selenium\selenium-chromium-driver\4.15.0\selenium-chromium-driver-4.15.0.jar;C:\Users\ak398\.m2\repository\org\seleniumhq\selenium\selenium-json\4.15.0\selenium-json-4.15.0.jar;C:\Users\ak398\.m2\repository\org\seleniumhq\selenium\selenium-manager\4.15.0\selenium-manager-4.15.0.jar;C:\Users\ak398\.m2\repository\org\seleniumhq\selenium\selenium-devtools-v117\4.15.0\selenium-devtools-v117-4.15.0.jar;C:\Users\ak398\.m2\repository\org\seleniumhq\selenium\selenium-devtools-v118\4.15.0\selenium-devtools-v118-4.15.0.jar;C:\Users\ak398\.m2\repository\org\seleniumhq\selenium\selenium-devtools-v119\4.15.0\selenium-devtools-v119-4.15.0.jar;C:\Users\ak398\.m2\repository\org\seleniumhq\selenium\selenium-devtools-v85\4.15.0\selenium-devtools-v85-4.15.0.jar;C:\Users\ak398\.m2\repository\org\seleniumhq\selenium\selenium-edge-driver\4.15.0\selenium-edge-driver-4.15.0.jar;C:\Users\ak398\.m2\repository\org\seleniumhq\selenium\selenium-firefox-driver\4.15.0\selenium-firefox-driver-4.15.0.jar;C:\Users\ak398\.m2\repository\org\seleniumhq\selenium\selenium-http\4.15.0\selenium-http-4.15.0.jar;C:\Users\ak398\.m2\repository\dev\failsafe\failsafe\3.3.2\failsafe-3.3.2.jar;C:\Users\ak398\.m2\repository\org\seleniumhq\selenium\selenium-ie-driver
Launcher Type: SUN_STANDARD

[Global flags]
     intx CICompilerCount                          = 4                                         {product} {ergonomic}
     uint ConcGCThreads                            = 2                                         {product} {ergonomic}
     uint G1ConcRefinementThreads                  = 8                                         {product} {ergonomic}
   size_t G1HeapRegionSize                         = 1048576                                   {product} {ergonomic}
    uintx GCDrainStackTargetSize                   = 64                                        {product} {ergonomic}
   size_t InitialHeapSize                          = 134217728                                 {product} {ergonomic}
   size_t MarkStackSize                            = 4194304                                   {product} {ergonomic}
   size_t MaxHeapSize                              = 2124414976                                {product} {ergonomic}
   size_t MaxNewSize                               = 1274019840                                {product} {ergonomic}
   size_t MinHeapDeltaBytes                        = 1048576                                   {product} {ergonomic}
   size_t MinHeapSize                              = 8388608                                   {product} {ergonomic}
    uintx NonNMethodCodeHeapSize                   = 5839372                                {pd product} {ergonomic}
    uintx NonProfiledCodeHeapSize                  = 122909434                              {pd product} {ergonomic}
    uintx ProfiledCodeHeapSize                     = 122909434                              {pd product} {ergonomic}
    uintx ReservedCodeCacheSize                    = 251658240                              {pd product} {ergonomic}
     bool SegmentedCodeCache                       = true                                      {product} {ergonomic}
     bool ShowCodeDetailsInExceptionMessages       = true                                   {manageable} {command line}
   size_t SoftMaxHeapSize                          = 2124414976                             {manageable} {ergonomic}
     bool UseCompressedClassPointers               = true                           {product lp64_product} {ergonomic}
     bool UseCompressedOops                        = true                           {product lp64_product} {ergonomic}
     bool UseG1GC                                  = true                                      {product} {ergonomic}
     bool UseLargePagesIndividualAllocation        = false                                  {pd product} {ergonomic}

Logging:
Log output configuration:
 #0: stdout all=warning uptime,level,tags
 #1: stderr all=off uptime,level,tags

Environment Variables:
JAVA_HOME=C:\Program Files\Java\jdk-21
PATH=E:\oracle\product\10.2.0\db_1\bin;C:\Program Files\Common Files\Oracle\Java\javapath;C:\Program Files (x86)\Common Files\Oracle\Java\javapath;C:\WINDOWS\system32;C:\WINDOWS;C:\WINDOWS\System32\Wbem;C:\WINDOWS\System32\WindowsPowerShell\v1.0\;C:\WINDOWS\System32\OpenSSH\;C:\Program Files\NVIDIA Corporation\NVIDIA NvDLISR;C:\Program Files (x86)\NVIDIA Corporation\PhysX\Common;C:\WINDOWS\system32;C:\WINDOWS;C:\WINDOWS\System32\Wbem;C:\WINDOWS\System32\WindowsPowerShell\v1.0\;C:\WINDOWS\System32\OpenSSH\;C:\Program Files\dotnet\;C:\Program Files\Git\cmd;C:\Program Files\nodejs\;C:\Program Files\Java\jdk-21\bin;C:\Program Files\MySQL\MySQL Shell 8.0\bin\;C:\Users\ak398\AppData\Local\Programs\Python\Python310\Scripts\;C:\Users\ak398\AppData\Local\Programs\Python\Python310\;C:\Users\ak398\AppData\Local\Microsoft\WindowsApps;C:\Users\ak398\AppData\Local\Programs\Microsoft VS Code\bin;C:\Users\ak398\AppData\Roaming\npm;C:\Program Files\nodejs;;C:\Program Files\JetBrains\IntelliJ IDEA 2023.2.5\bin;C:\Users\ak398\Downloads\apache-maven-3.9.6-bin\apache-maven-3.9.6\bin;
USERNAME=ak398
OS=Windows_NT
PROCESSOR_IDENTIFIER=Intel64 Family 6 Model 165 Stepping 2, GenuineIntel



---------------  S Y S T E M  ---------------

OS:
 Windows 10 , 64 bit Build 22621 (10.0.22621.3085)
OS uptime: 4 days 14:25 hours
Hyper-V role detected

CPU: total 8 (initial active 8) (4 cores per cpu, 2 threads per core) family 6 model 165 stepping 2 microcode 0xf4, cx8, cmov, fxsr, ht, mmx, 3dnowpref, sse, sse2, sse3, ssse3, sse4.1, sse4.2, popcnt, lzcnt, tsc, tscinvbit, avx, avx2, aes, erms, clmul, bmi1, bmi2, adx, fma, vzeroupper, clflush, clflushopt, hv

Memory: 4k page, system-wide physical 8099M (745M free)
TotalPageFile size 28192M (AvailPageFile size 6M)
current process WorkingSet (physical memory assigned to process): 95M, peak: 98M
current process commit charge ("private bytes"): 232M, peak: 234M

vm_info: OpenJDK 64-Bit Server VM (17+35) for windows-amd64 JRE (17+35), built on Sep 14 2021 17:27:39 by "" with MS VC++ 16.7 (VS2019)

END.
